<?xml version="1.0" encoding="UTF-8"?>
<testsuite xmlns:xsi="http://www.w3.org/2001/XMLSchema-instance" xsi:noNamespaceSchemaLocation="https://maven.apache.org/surefire/maven-surefire-plugin/xsd/surefire-test-report-3.0.xsd" version="3.0" name="io.github.venkat1701.agnivbackend.AgnivbackendApplicationTests" time="12.39" tests="1" errors="0" skipped="0" failures="0">
  <properties>
[...]
</properties>
  <testcase name="contextLoads" classname="io.github.venkat1701.agnivbackend.AgnivbackendApplicationTests" time="0.386">
    <system-out><![CDATA[12:44:14.750 [main] INFO org.springframework.test.context.support.AnnotationConfigContextLoaderUtils -- Could not detect default configuration classes for test class [io.github.venkat1701.agnivbackend.AgnivbackendApplicationTests]: AgnivbackendApplicationTests does not declare any static, non-private, non-final, nested classes annotated with @Configuration.
12:44:14.916 [main] INFO org.springframework.boot.test.context.SpringBootTestContextBootstrapper -- Found @SpringBootConfiguration io.github.venkat1701.agnivbackend.AgnivbackendApplication for test class io.github.venkat1701.agnivbackend.AgnivbackendApplicationTests
12:44:15.054 [main] INFO org.springframework.boot.devtools.restart.RestartApplicationListener -- Restart disabled due to context in which it is running

  .   ____          _            __ _ _
 /\\ / ___'_ __ _ _(_)_ __  __ _ \ \ \ \
( ( )\___ | '_ | '_| | '_ \/ _` | \ \ \ \
 \\/  ___)| |_)| | | | | || (_| |  ) ) ) )
  '  |____| .__|_| |_|_| |_\__, | / / / /
 =========|_|==============|___/=/_/_/_/

 :: Spring Boot ::                (v3.3.4)

2024-10-01T12:44:15.296+05:30  WARN 17636 --- [agnivbackend] [           main] ory$DuplicateJsonObjectContextCustomizer : 

Found multiple occurrences of org.json.JSONObject on the class path:

	jar:file:/C:/Users/krish/.m2/repository/org/json/json/20240303/json-20240303.jar!/org/json/JSONObject.class
	jar:file:/C:/Users/krish/.m2/repository/com/vaadin/external/google/android-json/0.0.20131108.vaadin1/android-json-0.0.20131108.vaadin1.jar!/org/json/JSONObject.class

You may wish to exclude one of them to ensure predictable runtime behavior

2024-10-01T12:44:15.312+05:30  INFO 17636 --- [agnivbackend] [           main] i.g.v.a.AgnivbackendApplicationTests     : Starting AgnivbackendApplicationTests using Java 18.0.2.1 with PID 17636 (started by krish in C:\Users\krish\Downloads\agnivbackend)
2024-10-01T12:44:15.314+05:30  INFO 17636 --- [agnivbackend] [           main] i.g.v.a.AgnivbackendApplicationTests     : No active profile set, falling back to 1 default profile: "default"
2024-10-01T12:44:16.455+05:30  INFO 17636 --- [agnivbackend] [           main] .s.d.r.c.RepositoryConfigurationDelegate : Bootstrapping Spring Data JPA repositories in DEFAULT mode.
2024-10-01T12:44:16.612+05:30  INFO 17636 --- [agnivbackend] [           main] .s.d.r.c.RepositoryConfigurationDelegate : Finished Spring Data repository scanning in 149 ms. Found 3 JPA repository interfaces.
2024-10-01T12:44:17.593+05:30  INFO 17636 --- [agnivbackend] [           main] o.hibernate.jpa.internal.util.LogHelper  : HHH000204: Processing PersistenceUnitInfo [name: default]
2024-10-01T12:44:17.644+05:30  INFO 17636 --- [agnivbackend] [           main] org.hibernate.Version                    : HHH000412: Hibernate ORM core version 6.5.3.Final
2024-10-01T12:44:17.674+05:30  INFO 17636 --- [agnivbackend] [           main] o.h.c.internal.RegionFactoryInitiator    : HHH000026: Second-level cache disabled
2024-10-01T12:44:17.995+05:30  INFO 17636 --- [agnivbackend] [           main] o.s.o.j.p.SpringPersistenceUnitInfo      : No LoadTimeWeaver setup: ignoring JPA class transformer
2024-10-01T12:44:18.017+05:30  INFO 17636 --- [agnivbackend] [           main] com.zaxxer.hikari.HikariDataSource       : HikariPool-1 - Starting...
2024-10-01T12:44:19.979+05:30  INFO 17636 --- [agnivbackend] [           main] com.zaxxer.hikari.pool.HikariPool        : HikariPool-1 - Added connection org.postgresql.jdbc.PgConnection@25765a49
2024-10-01T12:44:19.980+05:30  INFO 17636 --- [agnivbackend] [           main] com.zaxxer.hikari.HikariDataSource       : HikariPool-1 - Start completed.
2024-10-01T12:44:21.838+05:30  INFO 17636 --- [agnivbackend] [           main] o.h.e.t.j.p.i.JtaPlatformInitiator       : HHH000489: No JTA platform available (set 'hibernate.transaction.jta.platform' to enable JTA platform integration)
Hibernate: alter table if exists document_embedding alter column content set data type TEXT
2024-10-01T12:44:24.267+05:30  INFO 17636 --- [agnivbackend] [           main] j.LocalContainerEntityManagerFactoryBean : Initialized JPA EntityManagerFactory for persistence unit 'default'
2024-10-01T12:44:25.486+05:30  INFO 17636 --- [agnivbackend] [           main] o.s.d.j.r.query.QueryEnhancerFactory     : Hibernate is in classpath; If applicable, HQL parser will be used.
2024-10-01T12:44:25.575+05:30  WARN 17636 --- [agnivbackend] [           main] JpaBaseConfiguration$JpaWebConfiguration : spring.jpa.open-in-view is enabled by default. Therefore, database queries may be performed during view rendering. Explicitly configure spring.jpa.open-in-view to disable this warning
2024-10-01T12:44:25.626+05:30  INFO 17636 --- [agnivbackend] [           main] r$InitializeUserDetailsManagerConfigurer : Global AuthenticationManager configured with UserDetailsService bean with name userService
2024-10-01T12:44:25.993+05:30  INFO 17636 --- [agnivbackend] [           main] o.s.b.a.e.web.EndpointLinksResolver      : Exposing 1 endpoint beneath base path '/actuator'
2024-10-01T12:44:26.554+05:30  INFO 17636 --- [agnivbackend] [           main] i.g.v.a.AgnivbackendApplicationTests     : Started AgnivbackendApplicationTests in 11.511 seconds (process running for 12.409)
]]></system-out>
  </testcase>
</testsuite>